1-SWI>ena
Password:
1-SWI#show
% Type "show ?" for a list of subcommands
1-SWI#show run
Building configuration...

Current configuration : 3613 bytes
!
! Last configuration change at 09:03:53 UTC Wed Aug 28 2024
!
version 15.2
service timestamps debug datetime msec
service timestamps log datetime msec
service password-encryption
service compress-config
!
hostname 1-SWI
!
boot-start-marker
boot-end-marker
!
!
enable secret 5 $1$7IFa$iBk18hNzynCGiq.lLD332.
!
username root privilege 15 secret 5 $1$0RH2$nhbnjpgdCtoGOWe43QwDT.
no aaa new-model
!
!
!
!
!
!
!
!
ip cef
no ipv6 cef
!
!
!
spanning-tree mode pvst
spanning-tree extend system-id
!
!
!
!
!
!
!
!
!
!
!
!
!
!
!
interface GigabitEthernet0/0
 description Trunk to 11-CE
 switchport trunk allowed vlan 111,444,666
 switchport trunk encapsulation dot1q
 switchport mode trunk
 mtu 1900
 load-interval 30
 negotiation auto
 spanning-tree bpdufilter enable
!
interface GigabitEthernet0/1
 description Trunk to A-CPE
 switchport access vlan 444
 switchport mode access
 mtu 1900
 load-interval 30
 negotiation auto
 spanning-tree bpdufilter enable
!
interface GigabitEthernet0/2
 description Trunk to 1-CPE
 switchport access vlan 666
 switchport mode access
 mtu 1900
 load-interval 30
 negotiation auto
 spanning-tree bpdufilter enable
!
interface GigabitEthernet0/3
 description Trunk to X-SERVER
 switchport access vlan 111
 switchport mode access
 mtu 1900
 load-interval 30
 negotiation auto
 spanning-tree bpdufilter enable
!
interface GigabitEthernet1/0
 negotiation auto
!
interface GigabitEthernet1/1
 negotiation auto
!
interface GigabitEthernet1/2
 negotiation auto
!
interface GigabitEthernet1/3
 negotiation auto
!
ip forward-protocol nd
!
ip http server
ip http secure-server
!
ip ssh server algorithm encryption aes128-ctr aes192-ctr aes256-ctr
ip ssh client algorithm encryption aes128-ctr aes192-ctr aes256-ctr
!
!
!
!
!
!
control-plane
!
banner exec ^C
IOSv - Cisco Systems Confidential -

Supplemental End User License Restrictions

This IOSv software is provided AS-IS without warranty of any kind. Under no circumstances may this software be used separate from the Cisco Modeling Labs Software that this software was provided with, or deployed or used as part of a production environment.

By using the software, you agree to abide by the terms and conditions of the Cisco End User License Agreement at http://www.cisco.com/go/eula. Unauthorized use or distribution of this software is expressly prohibited.
^C
banner incoming ^C
IOSv - Cisco Systems Confidential -

Supplemental End User License Restrictions

This IOSv software is provided AS-IS without warranty of any kind. Under no circumstances may this software be used separate from the Cisco Modeling Labs Software that this software was provided with, or deployed or used as part of a production environment.

By using the software, you agree to abide by the terms and conditions of the Cisco End User License Agreement at http://www.cisco.com/go/eula. Unauthorized use or distribution of this software is expressly prohibited.
^C
banner login ^C
IOSv - Cisco Systems Confidential -

Supplemental End User License Restrictions

This IOSv software is provided AS-IS without warranty of any kind. Under no circumstances may this software be used separate from the Cisco Modeling Labs Software that this software was provided with, or deployed or used as part of a production environment.

By using the software, you agree to abide by the terms and conditions of the Cisco End User License Agreement at http://www.cisco.com/go/eula. Unauthorized use or distribution of this software is expressly prohibited.
^C
!
line con 0
line aux 0
line vty 0 4
 login local
 transport input telnet ssh
 transport output telnet ssh
!
!
end

1-SWI#
