4-RR>ena
Password:
4-RR#show run
Building configuration...

Current configuration : 8122 bytes
!
! Last configuration change at 09:10:30 UTC Wed Aug 28 2024
!
version 17.3
service timestamps debug datetime msec
service timestamps log datetime msec
service password-encryption
service call-home
platform qfp utilization monitor load 80
platform punt-keepalive disable-kernel-core
platform console serial
!
hostname 4-RR
!
boot-start-marker
boot-end-marker
!
!
enable secret 9 $9$y2Oi8REEAyzsZ.$0JYhyRpzTUcMfX6ol8Y21NcFdAUIu.fP2wy1Xtrde1U
!
no aaa new-model
!
!
!
!
!
!
!
!
!
!
login on-success log
!
!
!
!
!
!
!
subscriber templating
!
!
!
!
!
!
mpls label protocol ldp
mpls ldp neighbor 10.10.10.10 password 7 06040E32494C081509
mpls ldp graceful-restart
no mpls ldp advertise-labels
mpls ldp advertise-labels for ACL-MPLS-LDP
multilink bundle-name authenticated
!
!
!
!
!
!
!
!
!
!
!
!
!
!
!
crypto pki trustpoint TP-self-signed-3783816474
 enrollment selfsigned
 subject-name cn=IOS-Self-Signed-Certificate-3783816474
 revocation-check none
 rsakeypair TP-self-signed-3783816474
!
crypto pki trustpoint SLA-TrustPoint
 enrollment pkcs12
 revocation-check crl
!
!
crypto pki certificate chain TP-self-signed-3783816474
 certificate self-signed 01
  30820330 30820218 A0030201 02020101 300D0609 2A864886 F70D0101 05050030
  31312F30 2D060355 04031326 494F532D 53656C66 2D536967 6E65642D 43657274
  69666963 6174652D 33373833 38313634 3734301E 170D3234 30373237 31373234
  33305A17 0D333430 37323731 37323433 305A3031 312F302D 06035504 03132649
  4F532D53 656C662D 5369676E 65642D43 65727469 66696361 74652D33 37383338
  31363437 34308201 22300D06 092A8648 86F70D01 01010500 0382010F 00308201
  0A028201 0100D522 9367F586 B8C0CA07 49FA4FD3 36F3FBBC 9CFA5A06 34CCC3E5
  F78A570D BE25992E 8AC69CA3 FF765340 012455D1 1A06495C 39FBECAD 4F318E93
  F06BF2CC 48616F3B 9F763B2B 545772EB A696AA06 62E9A154 B252A70A 3C98828C
  F79F432B 519B12F6 8C4D366D 72CF255D 08119814 63B99821 F0B46920 4CE5360A
  94A0F92A 0C4A31F0 EA4DF870 30DA6E13 E1387659 0FF7DB5D 30C389CA 6BDA0675
  64A2AF57 7DC7A58F D22D1A5B 51E53B8A FF55E6FF CE91C0C6 F459E329 FF6E8D1A
  EC7C7B21 518ADD19 43168D86 AD8D40A4 22C35185 55781095 90E52636 6EE86E28
  2EF54A2B 3966BADE A0CCDC89 EF9061D8 2D637BFA FC1623FE EF59C25C 1028022B
  C7939B68 BC470203 010001A3 53305130 0F060355 1D130101 FF040530 030101FF
  301F0603 551D2304 18301680 148B669A DBFCD982 A24625A1 146A82E1 38F7EFF4
  EF301D06 03551D0E 04160414 8B669ADB FCD982A2 4625A114 6A82E138 F7EFF4EF
  300D0609 2A864886 F70D0101 05050003 82010100 AE7BC1AB DB32DAA9 788DEBFB
  FF4BEB02 2C274E4C 23E2E4DB EEA7C53D 935EDE9D DD49D132 AB6AEBB4 6F11604F
  EF882D2C CFE9E8F3 FED4CA25 08EFB41A 8B8DE00E 8E3A32C0 926BBEFA 3E6F6DCB
  744DCC38 83CED4AB B14E7E25 668AD6ED 2CAE5BDC 5C7A2461 2B2368D1 9C8601A0
  8022690C 69F7F0EF 16B7134B 7EC43C08 6C7285DA 7AF7478F 5516F35C EB98BAD7
  B9501123 1E46B6F6 93A4EF12 952E6577 5CC5CCFD B2C0AB51 1BE71839 1A622FC4
  CAFE7130 A2199091 8A03B44A 6C8AE928 76C60AAD BDD9AFA7 927CD12C 742C7AD0
  42B67C9A 04132365 121B4E8C 5A6A0D86 D920BD7C 33B69BB6 C8955FF1 66A1F353
  9ADF3172 C59E83D5 1B031C99 8E3C0741 D2E65C60
        quit
crypto pki certificate chain SLA-TrustPoint
 certificate ca 01
  30820321 30820209 A0030201 02020101 300D0609 2A864886 F70D0101 0B050030
  32310E30 0C060355 040A1305 43697363 6F312030 1E060355 04031317 43697363
  6F204C69 63656E73 696E6720 526F6F74 20434130 1E170D31 33303533 30313934
  3834375A 170D3338 30353330 31393438 34375A30 32310E30 0C060355 040A1305
  43697363 6F312030 1E060355 04031317 43697363 6F204C69 63656E73 696E6720
  526F6F74 20434130 82012230 0D06092A 864886F7 0D010101 05000382 010F0030
  82010A02 82010100 A6BCBD96 131E05F7 145EA72C 2CD686E6 17222EA1 F1EFF64D
  CBB4C798 212AA147 C655D8D7 9471380D 8711441E 1AAF071A 9CAE6388 8A38E520
  1C394D78 462EF239 C659F715 B98C0A59 5BBB5CBD 0CFEBEA3 700A8BF7 D8F256EE
  4AA4E80D DB6FD1C9 60B1FD18 FFC69C96 6FA68957 A2617DE7 104FDC5F EA2956AC
  7390A3EB 2B5436AD C847A2C5 DAB553EB 69A9A535 58E9F3E3 C0BD23CF 58BD7188
  68E69491 20F320E7 948E71D7 AE3BCC84 F10684C7 4BC8E00F 539BA42B 42C68BB7
  C7479096 B4CB2D62 EA2F505D C7B062A4 6811D95B E8250FC4 5D5D5FB8 8F27D191
  C55F0D76 61F9A4CD 3D992327 A8BB03BD 4E6D7069 7CBADF8B DF5F4368 95135E44
  DFC7C6CF 04DD7FD1 02030100 01A34230 40300E06 03551D0F 0101FF04 04030201
  06300F06 03551D13 0101FF04 05300301 01FF301D 0603551D 0E041604 1449DC85
  4B3D31E5 1B3E6A17 606AF333 3D3B4C73 E8300D06 092A8648 86F70D01 010B0500
  03820101 00507F24 D3932A66 86025D9F E838AE5C 6D4DF6B0 49631C78 240DA905
  604EDCDE FF4FED2B 77FC460E CD636FDB DD44681E 3A5673AB 9093D3B1 6C9E3D8B
  D98987BF E40CBD9E 1AECA0C2 2189BB5C 8FA85686 CD98B646 5575B146 8DFC66A8
  467A3DF4 4D565700 6ADF0F0D CF835015 3C04FF7C 21E878AC 11BA9CD2 55A9232C
  7CA7B7E6 C1AF74F6 152E99B7 B1FCF9BB E973DE7F 5BDDEB86 C71E3B49 1765308B
  5FB0DA06 B92AFE7F 494E8A9E 07B85737 F3A58BE1 1A48A229 C37C1E69 39F08678
  80DDCD16 D6BACECA EEBC7CF9 8428787B 35202CDC 60E4616A B623CDBD 230E3AFB
  418616A9 4093E049 4D10AB75 27E86F73 932E35B5 8862FDAE 0275156F 719BB2F0
  D697DF7F 28
        quit
!
license udi pid CSR1000V sn 989KJN7DUBD
diagnostic bootup level minimal
memory free low-watermark processor 71507
!
!
spanning-tree extend system-id
!
username root privilege 15 secret 9 $9$5N8Uazs5hwiDV.$eolPQ8c7uHGc78ixjeZd6YBw8ZUo9dASawuRJEvWlSk
!
redundancy
!
!
!
!
!
!
!
!
!
!
!
!
!
!
!
!
!
!
!
!
!
!
!
!
!
interface Loopback0
 ip address 4.4.4.4 255.255.255.255
 ip ospf network point-to-point
!
interface GigabitEthernet1
 description Link to 1-P
 mtu 2000
 ip address 172.0.4.2 255.255.255.252
 ip ospf authentication message-digest
 ip ospf message-digest-key 1 md5 7 04590A150A234D4205
 ip ospf network point-to-point
 ip ospf dead-interval 15
 ip ospf hello-interval 5
 ip ospf mtu-ignore
 ip ospf cost 65000
 load-interval 30
 negotiation auto
 cdp enable
 mpls ip
 mpls label protocol ldp
 no mop enabled
 no mop sysid
!
interface GigabitEthernet2
 no ip address
 shutdown
 negotiation auto
 no mop enabled
 no mop sysid
!
interface GigabitEthernet3
 no ip address
 shutdown
 negotiation auto
 no mop enabled
 no mop sysid
!
interface GigabitEthernet4
 no ip address
 shutdown
 negotiation auto
 no mop enabled
 no mop sysid
!
router ospf 100
 router-id 4.4.4.4
 nsf cisco
 passive-interface default
 no passive-interface GigabitEthernet1
 network 4.4.4.4 0.0.0.0 area 0
 network 172.0.4.2 0.0.0.0 area 0
!
router bgp 65000
 bgp router-id 4.4.4.4
 bgp log-neighbor-changes
 bgp graceful-restart
 no bgp default ipv4-unicast
 neighbor RR-CL peer-group
 neighbor RR-CL remote-as 65000
 neighbor RR-CL password 7 104C080A0015130700
 neighbor RR-CL update-source Loopback0
 neighbor 1.1.1.1 peer-group RR-CL
 neighbor 2.2.2.2 peer-group RR-CL
 neighbor 6.6.6.6 peer-group RR-CL
 neighbor 10.10.10.10 peer-group RR-CL
 neighbor 11.11.11.11 peer-group RR-CL
 neighbor 20.20.20.20 peer-group RR-CL
 neighbor 21.21.21.21 peer-group RR-CL
 !
 address-family ipv4
 exit-address-family
 !
 address-family vpnv4
  bgp slow-peer detection
  neighbor RR-CL send-community both
  neighbor RR-CL route-reflector-client
  neighbor RR-CL slow-peer split-update-group dynamic
  neighbor 1.1.1.1 activate
  neighbor 2.2.2.2 activate
  neighbor 6.6.6.6 activate
  neighbor 10.10.10.10 activate
  neighbor 11.11.11.11 activate
  neighbor 20.20.20.20 activate
  neighbor 21.21.21.21 activate
 exit-address-family
!
ip forward-protocol nd
ip http server
ip http authentication local
ip http secure-server
!
!
ip access-list standard ACL-MPLS-LDP
 10 permit 11.11.11.11
 20 permit 10.10.10.10
 30 permit 1.1.1.1
 40 permit 20.20.20.20
 50 permit 21.21.21.21
 60 permit 4.4.4.4
!
!
!
!
!
!
!
control-plane
!
!
!
!
!
!
line con 0
 stopbits 1
line vty 0 4
 login local
 transport input telnet ssh
 transport output telnet ssh
!
call-home
 ! If contact email address in call-home is configured as sch-smart-licensing@cisco.com
 ! the email address configured in Cisco Smart License Portal will be used as contact email address to send SCH notifications.
 contact-email-addr sch-smart-licensing@cisco.com
 profile "CiscoTAC-1"
  active
  destination transport-method http
!
!
!
!
!
end

4-RR#
