2-P>ena
Password:
2-P#show run
Building configuration...

Current configuration : 8259 bytes
!
! Last configuration change at 09:10:39 UTC Wed Aug 28 2024
!
version 17.3
service timestamps debug datetime msec
service timestamps log datetime msec
service password-encryption
service call-home
platform qfp utilization monitor load 80
platform punt-keepalive disable-kernel-core
platform console serial
!
hostname 2-P
!
boot-start-marker
boot-end-marker
!
!
enable secret 9 $9$ABb74wT6BIbIu.$YF.5J0uNqvsMsspc03.NpTJHZsm2rG1c2jt/jpaTMKE
!
no aaa new-model
!
!
!
!
!
!
!
!
!
!
login on-success log
!
!
!
!
!
!
!
subscriber templating
!
!
!
!
!
!
mpls label protocol ldp
mpls ldp neighbor 20.20.20.20 password 7 1415131809062B2728
mpls ldp neighbor 10.10.10.10 password 7 1415131809062B2728
mpls ldp graceful-restart
no mpls ldp advertise-labels
mpls ldp advertise-labels for ACL-MPLS-LDP
multilink bundle-name authenticated
!
!
!
!
!
!
!
!
!
!
!
!
!
!
!
crypto pki trustpoint TP-self-signed-1157338482
 enrollment selfsigned
 subject-name cn=IOS-Self-Signed-Certificate-1157338482
 revocation-check none
 rsakeypair TP-self-signed-1157338482
!
crypto pki trustpoint SLA-TrustPoint
 enrollment pkcs12
 revocation-check crl
!
!
crypto pki certificate chain TP-self-signed-1157338482
 certificate self-signed 01
  30820330 30820218 A0030201 02020101 300D0609 2A864886 F70D0101 05050030
  31312F30 2D060355 04031326 494F532D 53656C66 2D536967 6E65642D 43657274
  69666963 6174652D 31313537 33333834 3832301E 170D3234 30383031 30333334
  33305A17 0D333430 38303130 33333433 305A3031 312F302D 06035504 03132649
  4F532D53 656C662D 5369676E 65642D43 65727469 66696361 74652D31 31353733
  33383438 32308201 22300D06 092A8648 86F70D01 01010500 0382010F 00308201
  0A028201 0100D684 7C9881EA 57A6FA12 54CA703B 203FB6D3 0C0FFC06 7BE0EA35
  4B97B6FA CADC77A7 B72F5DCF C3EFBF96 88E09A59 4178C9CC C77327B0 BCB25E6C
  B9AB34B3 64C2FD45 EBEF559C A39F269A F021FB59 07440557 4499A119 B8A4D65E
  86844235 CC377525 5BA4B9C0 6D89C069 B0A09007 52D5A0D7 54E80702 63820C02
  58EE88C7 2CF3D0C0 1B798B4D 3FED4589 1FF84AD4 A7567C2A 92F7F789 8337D330
  0A7DE885 3A08BA6D 1C7F70EB 3FD36B59 FDAB827A 3EC94A02 73BE1E00 C73FD6FB
  9AF3C76A 18378753 B6CC76B7 CF435F3F 80AE9AA3 2D1978EF 3B799027 008E995E
  663F411D DF7320DB 34D6B7B6 1CCAEF51 C4FF6C35 C43E9F05 7594DEF0 76DBBA23
  DE3BF04A 05A90203 010001A3 53305130 0F060355 1D130101 FF040530 030101FF
  301F0603 551D2304 18301680 14621769 A05FB5E9 22DD429C 22E3B9C2 EB1B8339
  D6301D06 03551D0E 04160414 621769A0 5FB5E922 DD429C22 E3B9C2EB 1B8339D6
  300D0609 2A864886 F70D0101 05050003 82010100 131A78A3 83953BC5 659637AB
  098484FB 65252A9D F168CBDF C555FF2D 1909EC30 09E57027 17D91390 1C3FF208
  C1DA5B45 8AA579DA 44680049 5A37D989 2F32AFE5 39C23761 7FEB4A74 F934DAAD
  39346128 9DB1591D BF3FB252 2598358A 6C542AA3 53BDD581 4BD96017 686BBDB7
  C0264F69 83278134 1049BB62 65E3C016 A9C07369 94FD4D5A 536C95AE 4884596A
  9FE442F5 E2D014FE C9B3545E 746E1B21 61880E23 F630DD45 BEA29260 CE72543E
  C732707E 1621EA81 D7BB0D29 C2B1B8F5 6A577C58 579BA46C BEB92387 595C6C06
  D4639995 DC85AC03 F0A695C0 264D1E36 00698308 3D797DB0 4418D823 FA39C3F6
  FA10BD4A A1717FC7 3091C5E1 F9FD532E 8A258CAA
        quit
crypto pki certificate chain SLA-TrustPoint
 certificate ca 01
  30820321 30820209 A0030201 02020101 300D0609 2A864886 F70D0101 0B050030
  32310E30 0C060355 040A1305 43697363 6F312030 1E060355 04031317 43697363
  6F204C69 63656E73 696E6720 526F6F74 20434130 1E170D31 33303533 30313934
  3834375A 170D3338 30353330 31393438 34375A30 32310E30 0C060355 040A1305
  43697363 6F312030 1E060355 04031317 43697363 6F204C69 63656E73 696E6720
  526F6F74 20434130 82012230 0D06092A 864886F7 0D010101 05000382 010F0030
  82010A02 82010100 A6BCBD96 131E05F7 145EA72C 2CD686E6 17222EA1 F1EFF64D
  CBB4C798 212AA147 C655D8D7 9471380D 8711441E 1AAF071A 9CAE6388 8A38E520
  1C394D78 462EF239 C659F715 B98C0A59 5BBB5CBD 0CFEBEA3 700A8BF7 D8F256EE
  4AA4E80D DB6FD1C9 60B1FD18 FFC69C96 6FA68957 A2617DE7 104FDC5F EA2956AC
  7390A3EB 2B5436AD C847A2C5 DAB553EB 69A9A535 58E9F3E3 C0BD23CF 58BD7188
  68E69491 20F320E7 948E71D7 AE3BCC84 F10684C7 4BC8E00F 539BA42B 42C68BB7
  C7479096 B4CB2D62 EA2F505D C7B062A4 6811D95B E8250FC4 5D5D5FB8 8F27D191
  C55F0D76 61F9A4CD 3D992327 A8BB03BD 4E6D7069 7CBADF8B DF5F4368 95135E44
  DFC7C6CF 04DD7FD1 02030100 01A34230 40300E06 03551D0F 0101FF04 04030201
  06300F06 03551D13 0101FF04 05300301 01FF301D 0603551D 0E041604 1449DC85
  4B3D31E5 1B3E6A17 606AF333 3D3B4C73 E8300D06 092A8648 86F70D01 010B0500
  03820101 00507F24 D3932A66 86025D9F E838AE5C 6D4DF6B0 49631C78 240DA905
  604EDCDE FF4FED2B 77FC460E CD636FDB DD44681E 3A5673AB 9093D3B1 6C9E3D8B
  D98987BF E40CBD9E 1AECA0C2 2189BB5C 8FA85686 CD98B646 5575B146 8DFC66A8
  467A3DF4 4D565700 6ADF0F0D CF835015 3C04FF7C 21E878AC 11BA9CD2 55A9232C
  7CA7B7E6 C1AF74F6 152E99B7 B1FCF9BB E973DE7F 5BDDEB86 C71E3B49 1765308B
  5FB0DA06 B92AFE7F 494E8A9E 07B85737 F3A58BE1 1A48A229 C37C1E69 39F08678
  80DDCD16 D6BACECA EEBC7CF9 8428787B 35202CDC 60E4616A B623CDBD 230E3AFB
  418616A9 4093E049 4D10AB75 27E86F73 932E35B5 8862FDAE 0275156F 719BB2F0
  D697DF7F 28
        quit
!
license udi pid CSR1000V sn 9P4UN34P040
diagnostic bootup level minimal
memory free low-watermark processor 71507
!
!
spanning-tree extend system-id
!
username root privilege 15 secret 9 $9$MChyG.ws8X9zHU$qbOZhgenrS6Nov7TS5O6rjeTkwaB445xlfD6hv641rg
!
redundancy
!
!
!
!
!
!
!
!
!
!
!
!
!
!
!
!
!
!
!
!
!
!
!
!
!
interface Loopback0
 ip address 2.2.2.2 255.255.255.255
 ip ospf network point-to-point
!
interface GigabitEthernet1
 description Link to 20-PE
 mtu 8900
 ip address 172.0.6.2 255.255.255.252
 ip ospf authentication message-digest
 ip ospf message-digest-key 1 md5 7 130716010E0E052627
 ip ospf network point-to-point
 ip ospf dead-interval 15
 ip ospf hello-interval 5
 ip ospf mtu-ignore
 ip ospf cost 1
 load-interval 30
 negotiation auto
 cdp enable
 mpls ip
 mpls label protocol ldp
 no mop enabled
 no mop sysid
!
interface GigabitEthernet2
 description Link to 10-PE
 mtu 8900
 ip address 172.0.5.2 255.255.255.252
 ip ospf authentication message-digest
 ip ospf message-digest-key 1 md5 7 130716010E0E052627
 ip ospf network point-to-point
 ip ospf dead-interval 15
 ip ospf hello-interval 5
 ip ospf mtu-ignore
 ip ospf cost 1
 load-interval 30
 negotiation auto
 cdp enable
 mpls ip
 mpls label protocol ldp
 no mop enabled
 no mop sysid
!
interface GigabitEthernet3
 no ip address
 shutdown
 negotiation auto
 no mop enabled
 no mop sysid
!
interface GigabitEthernet4
 no ip address
 shutdown
 negotiation auto
 no mop enabled
 no mop sysid
!
router ospf 100
 router-id 2.2.2.2
 nsf cisco
 passive-interface default
 no passive-interface GigabitEthernet1
 no passive-interface GigabitEthernet2
 network 2.2.2.2 0.0.0.0 area 0
 network 172.0.5.2 0.0.0.0 area 0
 network 172.0.6.2 0.0.0.0 area 0
!
router bgp 65000
 bgp router-id 2.2.2.2
 bgp log-neighbor-changes
 bgp graceful-restart
 no bgp default ipv4-unicast
 neighbor 4.4.4.4 remote-as 65000
 neighbor 4.4.4.4 description to-RR
 neighbor 4.4.4.4 password 7 020405480E040E2D40
 neighbor 4.4.4.4 update-source Loopback0
 neighbor 6.6.6.6 remote-as 65000
 neighbor 6.6.6.6 description to-RR
 neighbor 6.6.6.6 password 7 020405480E040E2D40
 neighbor 6.6.6.6 update-source Loopback0
 !
 address-family ipv4
 exit-address-family
 !
 address-family vpnv4
  neighbor 4.4.4.4 activate
  neighbor 4.4.4.4 send-community both
  neighbor 6.6.6.6 activate
  neighbor 6.6.6.6 send-community both
 exit-address-family
!
ip forward-protocol nd
ip http server
ip http authentication local
ip http secure-server
!
!
ip access-list standard ACL-MPLS-LDP
 10 permit 11.11.11.11
 20 permit 10.10.10.10
 30 permit 1.1.1.1
 40 permit 20.20.20.20
 50 permit 21.21.21.21
 60 permit 4.4.4.4
!
!
!
!
!
!
!
control-plane
!
!
!
!
!
!
line con 0
 stopbits 1
line vty 0 4
 login local
 transport input telnet ssh
 transport output telnet ssh
!
call-home
 ! If contact email address in call-home is configured as sch-smart-licensing@cisco.com
 ! the email address configured in Cisco Smart License Portal will be used as contact email address to send SCH notifications.
 contact-email-addr sch-smart-licensing@cisco.com
 profile "CiscoTAC-1"
  active
  destination transport-method http
!
!
!
!
!
end

2-P#
